#
# A fatal error has been detected by the Java Runtime Environment:
#
#  SIGSEGV (0xb) at pc=0x00000001102b1e84, pid=60597, tid=16643
#
# JRE version: Java(TM) SE Runtime Environment (7.0_67-b01) (build 1.7.0_67-b01)
# Java VM: Java HotSpot(TM) 64-Bit Server VM (24.65-b04 mixed mode bsd-amd64 compressed oops)
# Problematic frame:
# V  [libjvm.dylib+0x2b1e84]
#
# Failed to write core dump. Core dumps have been disabled. To enable core dumping, try "ulimit -c unlimited" before starting Java again
#
# If you would like to submit a bug report, please visit:
#   http://bugreport.sun.com/bugreport/crash.jsp
#

---------------  T H R E A D  ---------------

Current thread (0x00007fc179815000):  JavaThread "JDWP Transport Listener: dt_socket" daemon [_thread_in_vm, id=16643, stack(0x00000001a0fde000,0x00000001a10de000)]

siginfo:si_signo=SIGSEGV: si_errno=0, si_code=1 (SEGV_MAPERR), si_addr=0x000000000000000c

Registers:
RAX=0x0000000000000000, RBX=0x000000016e716fa0, RCX=0x000000000000000c, RDX=0x0000000000000000
RSP=0x00000001a10dda10, RBP=0x00000001a10dda10, RSI=0x00007fc17862d668, RDI=0x000000016e716fa0
R8 =0x3200000000000000, R9 =0x00000000ffff8000, R10=0x0000000000000005, R11=0xffff8040289c0e00
R12=0x00007fc179815000, R13=0x00007fc17871cc50, R14=0x0000000000000000, R15=0x0000000000000000
RIP=0x00000001102b1e84, EFLAGS=0x0000000000010202, ERR=0x0000000000000004
  TRAPNO=0x000000000000000e

Top of Stack: (sp=0x00000001a10dda10)
0x00000001a10dda10:   00000001a10dda40 00000001102e17be
0x00000001a10dda20:   0000000000000000 0000000000000000
0x00000001a10dda30:   000000016e716fa0 00007fc1798151e8
0x00000001a10dda40:   00000001a10ddab0 0000000110309086
0x00000001a10dda50:   00007fc179815000 00007fc179815000
0x00000001a10dda60:   0000000000000000 0000000000000000
0x00000001a10dda70:   00007fc1798151e8 00007fc179815000
0x00000001a10dda80:   00007fc179815000 00000001a10ddb08
0x00000001a10dda90:   00007fc17862d668 00007fc17871cc50
0x00000001a10ddaa0:   00000001a10ddc90 00007fc1798151e8
0x00000001a10ddab0:   00000001a10ddae0 0000000110b694be
0x00000001a10ddac0:   00000001a10ddc90 0000000110b89dc2
0x00000001a10ddad0:   00000001a10ddb08 0000000110b95588
0x00000001a10ddae0:   00000001a10ddd00 0000000110b70642
0x00000001a10ddaf0:   0000097900000013 0000000000010a00
0x00000001a10ddb00:   00007fc17871cc70 00000001a10ddb58
0x00000001a10ddb10:   00007fc10000012c 00000001a10ddb20
0x00000001a10ddb20:   00007fc100000000 00000001a10ddb58
0x00000001a10ddb30:   0000000000000000 00007f0000000000
0x00000001a10ddb40:   0000097900000013 00007fff00008f80
0x00000001a10ddb50:   00000001a10ddb58 6e69616d04000000
0x00000001a10ddb60:   4200000000000000 000000000a000000
0x00000001a10ddb70:   c000000000000000 0400000000000000
0x00000001a10ddb80:   00000000020c0000 c100000009000000
0x00000001a10ddb90:   0d00000000000000 00000000c2000000
0x00000001a10ddba0:   c400000016000000 1a00000000000000
0x00000001a10ddbb0:   00000000c5000000 c800000023000000
0x00000001a10ddbc0:   2b00000000000000 00000000c9000000
0x00000001a10ddbd0:   cb00000036000000 4200000000000000
0x00000001a10ddbe0:   04003800cc000000 0000000000000001
0x00000001a10ddbf0:   bd4178c17f00000f 00000000000000d0
0x00000001a10ddc00:   002300000000002e 0000000000000105 

Instructions: (pc=0x00000001102b1e84)
0x00000001102b1e64:   eb 16 48 8d 35 c3 79 4c 00 8a 4e 08 48 d3 e2 48
0x00000001102b1e74:   03 16 eb 04 48 8b 14 0f 84 c0 0f 94 c0 0f b6 c0
0x00000001102b1e84:   8b 44 82 0c 5d c3 8b 04 07 5d c3 90 55 48 89 e5
0x00000001102b1e94:   f6 87 8d 00 00 00 02 75 04 31 ff eb 23 48 63 87 

Register to memory mapping:

RAX=0x0000000000000000 is an unknown value
RBX=0x000000016e716fa0 is an oop
java.lang.String 
 - klass: 'java/lang/String'
RCX=0x000000000000000c is an unknown value
RDX=0x0000000000000000 is an unknown value
RSP=0x00000001a10dda10 is pointing into the stack for thread: 0x00007fc179815000
RBP=0x00000001a10dda10 is pointing into the stack for thread: 0x00007fc179815000
RSI=0x00007fc17862d668 is a global jni handle
RDI=0x000000016e716fa0 is an oop
java.lang.String 
 - klass: 'java/lang/String'
R8 =0x3200000000000000 is an unknown value
R9 =0x00000000ffff8000 is an unknown value
R10=0x0000000000000005 is an unknown value
R11=0xffff8040289c0e00 is an unknown value
R12=0x00007fc179815000 is a thread
R13=0x00007fc17871cc50 is an unknown value
R14=0x0000000000000000 is an unknown value
R15=0x0000000000000000 is an unknown value


Stack: [0x00000001a0fde000,0x00000001a10de000],  sp=0x00000001a10dda10,  free space=1022k
Native frames: (J=compiled Java code, j=interpreted, Vv=VM code, C=native code)
V  [libjvm.dylib+0x2b1e84]
V  [libjvm.dylib+0x2e17be]
V  [libjvm.dylib+0x309086]
C  [libjdwp.dylib+0x74be]  value+0x96
C  [libjdwp.dylib+0xe642]  debugLoop_run+0x1ce
C  [libjdwp.dylib+0x1f0e2]  attachThread+0x4d
V  [libjvm.dylib+0x3781c2]
V  [libjvm.dylib+0x4f5855]
V  [libjvm.dylib+0x4f6f5d]
V  [libjvm.dylib+0x420772]
C  [libsystem_pthread.dylib+0x3268]  _pthread_body+0x83
C  [libsystem_pthread.dylib+0x31e5]  _pthread_body+0x0
C  [libsystem_pthread.dylib+0x141d]  thread_start+0xd


---------------  P R O C E S S  ---------------

Java Threads: ( => current thread )
  0x00007fc17a03d800 JavaThread "Service Thread" daemon [_thread_blocked, id=19203, stack(0x00000001a14ed000,0x00000001a15ed000)]
  0x00007fc17a036800 JavaThread "C2 CompilerThread1" daemon [_thread_blocked, id=18691, stack(0x00000001a13ea000,0x00000001a14ea000)]
  0x00007fc17882c800 JavaThread "C2 CompilerThread0" daemon [_thread_blocked, id=18179, stack(0x00000001a12e7000,0x00000001a13e7000)]
  0x00007fc178821800 JavaThread "JDWP Command Reader" daemon [_thread_in_native, id=17667, stack(0x00000001a11e4000,0x00000001a12e4000)]
  0x00007fc17a03b800 JavaThread "JDWP Event Helper Thread" daemon [_thread_blocked, id=17155, stack(0x00000001a10e1000,0x00000001a11e1000)]
=>0x00007fc179815000 JavaThread "JDWP Transport Listener: dt_socket" daemon [_thread_in_vm, id=16643, stack(0x00000001a0fde000,0x00000001a10de000)]
  0x00007fc17a038000 JavaThread "Signal Dispatcher" daemon [_thread_blocked, id=12563, stack(0x00000001a0edb000,0x00000001a0fdb000)]
  0x00007fc17a02d800 JavaThread "Finalizer" daemon [_thread_blocked, id=11523, stack(0x000000019f58b000,0x000000019f68b000)]
  0x00007fc17a02d000 JavaThread "Reference Handler" daemon [_thread_blocked, id=11011, stack(0x000000019f488000,0x000000019f588000)]
  0x00007fc17a001000 JavaThread "main" [_thread_blocked, id=4867, stack(0x0000000110a60000,0x0000000110b60000)]

Other Threads:
  0x00007fc17a02a800 VMThread [stack: 0x000000019f385000,0x000000019f485000] [id=10499]
  0x00007fc17a046000 WatcherThread [stack: 0x00000001a15f0000,0x00000001a16f0000] [id=19715]

VM state:not at safepoint (normal execution)

VM Mutex/Monitor currently owned by a thread: None

Heap
 PSYoungGen      total 38912K, used 3379K [0x000000016e400000, 0x0000000170f00000, 0x0000000198f00000)
  eden space 33792K, 10% used [0x000000016e400000,0x000000016e74cf00,0x0000000170500000)
  from space 5120K, 0% used [0x0000000170a00000,0x0000000170a00000,0x0000000170f00000)
  to   space 5120K, 0% used [0x0000000170500000,0x0000000170500000,0x0000000170a00000)
 ParOldGen       total 87040K, used 0K [0x0000000118f00000, 0x000000011e400000, 0x000000016e400000)
  object space 87040K, 0% used [0x0000000118f00000,0x0000000118f00000,0x000000011e400000)
 PSPermGen       total 21504K, used 4256K [0x0000000113d00000, 0x0000000115200000, 0x0000000118f00000)
  object space 21504K, 19% used [0x0000000113d00000,0x0000000114128078,0x0000000115200000)

Card table byte_map: [0x0000000198f00000,0x000000019932a000] byte_map_base: 0x0000000198661800

Polling page: 0x000000010f7e9000

Code Cache  [0x0000000110b9f000, 0x0000000110e0f000, 0x0000000113b9f000)
 total_blobs=218 nmethods=7 adapters=174 free_code_cache=48743Kb largest_free_block=49900864

Compilation events (10 events):
Event: 0.165 Thread 0x00007fc17882c800    3             sun.nio.cs.UTF_8$Encoder::encode (361 bytes)
Event: 0.176 Thread 0x00007fc17a036800    4             java.lang.String::charAt (29 bytes)
Event: 0.177 Thread 0x00007fc17882c800 nmethod 3 0x0000000110c00c50 code [0x0000000110c00de0, 0x0000000110c014c8]
Event: 0.178 Thread 0x00007fc17a036800 nmethod 4 0x0000000110c01bd0 code [0x0000000110c01d20, 0x0000000110c01e18]
Event: 0.197 Thread 0x00007fc17882c800    5             java.lang.String::indexOf (166 bytes)
Event: 0.199 Thread 0x00007fc17a036800    6             java.lang.String::lastIndexOf (52 bytes)
Event: 0.204 Thread 0x00007fc17a036800 nmethod 6 0x0000000110bfdcd0 code [0x0000000110bfde20, 0x0000000110bfdfe8]
Event: 0.207 Thread 0x00007fc17882c800 nmethod 5 0x0000000110c02ad0 code [0x0000000110c02c20, 0x0000000110c03118]
Event: 0.261 Thread 0x00007fc17a036800    7             java.lang.Object::<init> (1 bytes)
Event: 0.262 Thread 0x00007fc17a036800 nmethod 7 0x0000000110c08090 code [0x0000000110c081c0, 0x0000000110c08258]

GC Heap History (0 events):
No events

Deoptimization events (0 events):
No events

Internal exceptions (10 events):
Event: 0.215 Thread 0x00007fc17a001000 Threw 0x000000016e6a46c0 at /HUDSON/workspace/7u-2-build-macosx-x86_64/jdk7u67/1368/hotspot/src/share/vm/prims/jvm.cpp:1244
Event: 0.220 Thread 0x00007fc17a001000 Threw 0x000000016e6ad258 at /HUDSON/workspace/7u-2-build-macosx-x86_64/jdk7u67/1368/hotspot/src/share/vm/prims/jvm.cpp:1244
Event: 0.222 Thread 0x00007fc17a001000 Threw 0x000000016e6b0bd0 at /HUDSON/workspace/7u-2-build-macosx-x86_64/jdk7u67/1368/hotspot/src/share/vm/prims/jvm.cpp:1244
Event: 0.229 Thread 0x00007fc17a001000 Threw 0x000000016e6c7ac8 at /HUDSON/workspace/7u-2-build-macosx-x86_64/jdk7u67/1368/hotspot/src/share/vm/prims/jvm.cpp:1244
Event: 0.240 Thread 0x00007fc17a001000 Threw 0x000000016e6f1270 at /HUDSON/workspace/7u-2-build-macosx-x86_64/jdk7u67/1368/hotspot/src/share/vm/prims/jvm.cpp:1244
Event: 0.241 Thread 0x00007fc17a001000 Threw 0x000000016e6f64b8 at /HUDSON/workspace/7u-2-build-macosx-x86_64/jdk7u67/1368/hotspot/src/share/vm/prims/jvm.cpp:1244
Event: 0.259 Thread 0x00007fc17a001000 Threw 0x000000016e707938 at /HUDSON/workspace/7u-2-build-macosx-x86_64/jdk7u67/1368/hotspot/src/share/vm/prims/jvm.cpp:1244
Event: 0.259 Thread 0x00007fc17a001000 Threw 0x000000016e708d68 at /HUDSON/workspace/7u-2-build-macosx-x86_64/jdk7u67/1368/hotspot/src/share/vm/prims/jvm.cpp:1244
Event: 0.260 Thread 0x00007fc17a001000 Threw 0x000000016e70d1d8 at /HUDSON/workspace/7u-2-build-macosx-x86_64/jdk7u67/1368/hotspot/src/share/vm/prims/jvm.cpp:1244
Event: 0.260 Thread 0x00007fc17a001000 Threw 0x000000016e70e678 at /HUDSON/workspace/7u-2-build-macosx-x86_64/jdk7u67/1368/hotspot/src/share/vm/prims/jvm.cpp:1244

Events (10 events):
Event: 219.587 Executing VM operation: GetCurrentLocation
Event: 219.587 Executing VM operation: GetCurrentLocation done
Event: 219.587 Executing VM operation: ChangeSingleStep
Event: 219.588 Executing VM operation: ChangeSingleStep done
Event: 219.588 Executing VM operation: ChangeSingleStep
Event: 219.588 Executing VM operation: ChangeSingleStep done
Event: 219.723 Executing VM operation: GetOrSetLocal
Event: 219.723 Executing VM operation: GetOrSetLocal done
Event: 219.855 Executing VM operation: GetOrSetLocal
Event: 219.855 Executing VM operation: GetOrSetLocal done


Dynamic libraries:
0x000000000d2a6000 	/System/Library/Frameworks/Cocoa.framework/Versions/A/Cocoa
0x000000000d2a6000 	/System/Library/Frameworks/Security.framework/Versions/A/Security
0x000000000d2a6000 	/System/Library/Frameworks/ApplicationServices.framework/Versions/A/ApplicationServices
0x000000000d2a6000 	/usr/lib/libz.1.dylib
0x000000000d2a6000 	/usr/lib/libSystem.B.dylib
0x000000000d2a6000 	/usr/lib/libobjc.A.dylib
0x000000000d2a6000 	/System/Library/Frameworks/CoreFoundation.framework/Versions/A/CoreFoundation
0x000000000d2a6000 	/System/Library/Frameworks/Foundation.framework/Versions/C/Foundation
0x000000000d2a6000 	/System/Library/Frameworks/AppKit.framework/Versions/C/AppKit
0x000000000d2a6000 	/System/Library/Frameworks/CoreData.framework/Versions/A/CoreData
0x000000000d2a6000 	/System/Library/PrivateFrameworks/RemoteViewServices.framework/Versions/A/RemoteViewServices
0x000000000d2a6000 	/System/Library/PrivateFrameworks/UIFoundation.framework/Versions/A/UIFoundation
0x000000000d2a6000 	/System/Library/Frameworks/IOSurface.framework/Versions/A/IOSurface
0x000000000d2a6000 	/System/Library/Frameworks/AudioToolbox.framework/Versions/A/AudioToolbox
0x000000000d2a6000 	/System/Library/Frameworks/AudioUnit.framework/Versions/A/AudioUnit
0x000000000d2a6000 	/System/Library/PrivateFrameworks/DataDetectorsCore.framework/Versions/A/DataDetectorsCore
0x000000000d2a6000 	/System/Library/PrivateFrameworks/DesktopServicesPriv.framework/Versions/A/DesktopServicesPriv
0x000000000d2a6000 	/System/Library/Frameworks/Carbon.framework/Versions/A/Frameworks/HIToolbox.framework/Versions/A/HIToolbox
0x000000000d2a6000 	/System/Library/Frameworks/QuartzCore.framework/Versions/A/QuartzCore
0x000000000d2a6000 	/System/Library/Frameworks/Carbon.framework/Versions/A/Frameworks/SpeechRecognition.framework/Versions/A/SpeechRecognition
0x000000000d2a6000 	/usr/lib/libauto.dylib
0x000000000d2a6000 	/usr/lib/libicucore.A.dylib
0x000000000d2a6000 	/usr/lib/libxml2.2.dylib
0x000000000d2a6000 	/System/Library/PrivateFrameworks/CoreUI.framework/Versions/A/CoreUI
0x000000000d2a6000 	/System/Library/Frameworks/CoreAudio.framework/Versions/A/CoreAudio
0x000000000d2a6000 	/System/Library/Frameworks/DiskArbitration.framework/Versions/A/DiskArbitration
0x000000000d2a6000 	/usr/lib/liblangid.dylib
0x000000000d2a6000 	/System/Library/PrivateFrameworks/MultitouchSupport.framework/Versions/A/MultitouchSupport
0x000000000d2a6000 	/System/Library/Frameworks/IOKit.framework/Versions/A/IOKit
0x000000000d2a6000 	/usr/lib/libDiagnosticMessagesClient.dylib
0x000000000d2a6000 	/System/Library/Frameworks/CoreServices.framework/Versions/A/CoreServices
0x000000000d2a6000 	/System/Library/PrivateFrameworks/PerformanceAnalysis.framework/Versions/A/PerformanceAnalysis
0x000000000d2a6000 	/System/Library/PrivateFrameworks/GenerationalStorage.framework/Versions/A/GenerationalStorage
0x000000000d2a6000 	/System/Library/Frameworks/OpenGL.framework/Versions/A/OpenGL
0x000000000d2a6000 	/System/Library/PrivateFrameworks/Sharing.framework/Versions/A/Sharing
0x000000000d2a6000 	/System/Library/Frameworks/CoreGraphics.framework/Versions/A/CoreGraphics
0x000000000d2a6000 	/System/Library/Frameworks/CoreText.framework/Versions/A/CoreText
0x000000000d2a6000 	/System/Library/Frameworks/ImageIO.framework/Versions/A/ImageIO
0x000000000d2a6000 	/usr/lib/libextension.dylib
0x000000000d2a6000 	/System/Library/PrivateFrameworks/Backup.framework/Versions/A/Backup
0x000000000d2a6000 	/usr/lib/libarchive.2.dylib
0x000000000d2a6000 	/System/Library/Frameworks/CFNetwork.framework/Versions/A/CFNetwork
0x000000000d2a6000 	/System/Library/Frameworks/SystemConfiguration.framework/Versions/A/SystemConfiguration
0x000000000d2a6000 	/usr/lib/libCRFSuite.dylib
0x000000000d2a6000 	/usr/lib/libc++.1.dylib
0x000000000d2a6000 	/usr/lib/libc++abi.dylib
0x000000000d2a6000 	/usr/lib/system/libcache.dylib
0x000000000d2a6000 	/usr/lib/system/libcommonCrypto.dylib
0x000000000d2a6000 	/usr/lib/system/libcompiler_rt.dylib
0x000000000d2a6000 	/usr/lib/system/libcopyfile.dylib
0x000000000d2a6000 	/usr/lib/system/libcorecrypto.dylib
0x000000000d2a6000 	/usr/lib/system/libdispatch.dylib
0x000000000d2a6000 	/usr/lib/system/libdyld.dylib
0x000000000d2a6000 	/usr/lib/system/libkeymgr.dylib
0x000000000d2a6000 	/usr/lib/system/liblaunch.dylib
0x000000000d2a6000 	/usr/lib/system/libmacho.dylib
0x000000000d2a6000 	/usr/lib/system/libquarantine.dylib
0x000000000d2a6000 	/usr/lib/system/libremovefile.dylib
0x000000000d2a6000 	/usr/lib/system/libsystem_asl.dylib
0x000000000d2a6000 	/usr/lib/system/libsystem_blocks.dylib
0x000000000d2a6000 	/usr/lib/system/libsystem_c.dylib
0x000000000d2a6000 	/usr/lib/system/libsystem_configuration.dylib
0x000000000d2a6000 	/usr/lib/system/libsystem_coreservices.dylib
0x000000000d2a6000 	/usr/lib/system/libsystem_coretls.dylib
0x000000000d2a6000 	/usr/lib/system/libsystem_dnssd.dylib
0x000000000d2a6000 	/usr/lib/system/libsystem_info.dylib
0x000000000d2a6000 	/usr/lib/system/libsystem_kernel.dylib
0x000000000d2a6000 	/usr/lib/system/libsystem_m.dylib
0x000000000d2a6000 	/usr/lib/system/libsystem_malloc.dylib
0x000000000d2a6000 	/usr/lib/system/libsystem_network.dylib
0x000000000d2a6000 	/usr/lib/system/libsystem_networkextension.dylib
0x000000000d2a6000 	/usr/lib/system/libsystem_notify.dylib
0x000000000d2a6000 	/usr/lib/system/libsystem_platform.dylib
0x000000000d2a6000 	/usr/lib/system/libsystem_pthread.dylib
0x000000000d2a6000 	/usr/lib/system/libsystem_sandbox.dylib
0x000000000d2a6000 	/usr/lib/system/libsystem_secinit.dylib
0x000000000d2a6000 	/usr/lib/system/libsystem_stats.dylib
0x000000000d2a6000 	/usr/lib/system/libsystem_trace.dylib
0x000000000d2a6000 	/usr/lib/system/libunc.dylib
0x000000000d2a6000 	/usr/lib/system/libunwind.dylib
0x000000000d2a6000 	/usr/lib/system/libxpc.dylib
0x000000000d2a6000 	/usr/lib/libbz2.1.0.dylib
0x000000000d2a6000 	/usr/lib/liblzma.5.dylib
0x000000000d2a6000 	/usr/lib/libbsm.0.dylib
0x000000000d2a6000 	/usr/lib/libsqlite3.dylib
0x000000000d2a6000 	/usr/lib/system/libkxld.dylib
0x000000000d2a6000 	/usr/lib/libxar.1.dylib
0x000000000d2a6000 	/usr/lib/libpam.2.dylib
0x000000000d2a6000 	/usr/lib/libOpenScriptingUtil.dylib
0x000000000d2a6000 	/System/Library/Frameworks/CoreServices.framework/Versions/A/Frameworks/FSEvents.framework/Versions/A/FSEvents
0x000000000d2a6000 	/System/Library/Frameworks/CoreServices.framework/Versions/A/Frameworks/CarbonCore.framework/Versions/A/CarbonCore
0x000000000d2a6000 	/System/Library/Frameworks/CoreServices.framework/Versions/A/Frameworks/Metadata.framework/Versions/A/Metadata
0x000000000d2a6000 	/System/Library/Frameworks/CoreServices.framework/Versions/A/Frameworks/OSServices.framework/Versions/A/OSServices
0x000000000d2a6000 	/System/Library/Frameworks/CoreServices.framework/Versions/A/Frameworks/SearchKit.framework/Versions/A/SearchKit
0x000000000d2a6000 	/System/Library/Frameworks/CoreServices.framework/Versions/A/Frameworks/AE.framework/Versions/A/AE
0x000000000d2a6000 	/System/Library/Frameworks/CoreServices.framework/Versions/A/Frameworks/LaunchServices.framework/Versions/A/LaunchServices
0x000000000d2a6000 	/System/Library/Frameworks/CoreServices.framework/Versions/A/Frameworks/DictionaryServices.framework/Versions/A/DictionaryServices
0x000000000d2a6000 	/System/Library/Frameworks/NetFS.framework/Versions/A/NetFS
0x000000000d2a6000 	/System/Library/PrivateFrameworks/NetAuth.framework/Versions/A/NetAuth
0x000000000d2a6000 	/System/Library/PrivateFrameworks/login.framework/Versions/A/Frameworks/loginsupport.framework/Versions/A/loginsupport
0x000000000d2a6000 	/System/Library/PrivateFrameworks/TCC.framework/Versions/A/TCC
0x000000000d2a6000 	/usr/lib/libmecabra.dylib
0x000000000d2a6000 	/System/Library/Frameworks/ApplicationServices.framework/Versions/A/Frameworks/ATS.framework/Versions/A/ATS
0x000000000d2a6000 	/System/Library/Frameworks/ApplicationServices.framework/Versions/A/Frameworks/ColorSync.framework/Versions/A/ColorSync
0x000000000d2a6000 	/System/Library/Frameworks/ApplicationServices.framework/Versions/A/Frameworks/HIServices.framework/Versions/A/HIServices
0x000000000d2a6000 	/System/Library/Frameworks/ApplicationServices.framework/Versions/A/Frameworks/LangAnalysis.framework/Versions/A/LangAnalysis
0x000000000d2a6000 	/System/Library/Frameworks/ApplicationServices.framework/Versions/A/Frameworks/PrintCore.framework/Versions/A/PrintCore
0x000000000d2a6000 	/System/Library/Frameworks/ApplicationServices.framework/Versions/A/Frameworks/QD.framework/Versions/A/QD
0x000000000d2a6000 	/System/Library/Frameworks/ApplicationServices.framework/Versions/A/Frameworks/SpeechSynthesis.framework/Versions/A/SpeechSynthesis
0x000000000d2a6000 	/System/Library/Frameworks/Accelerate.framework/Versions/A/Accelerate
0x000000000d2a6000 	/System/Library/Frameworks/Accelerate.framework/Versions/A/Frameworks/vImage.framework/Versions/A/vImage
0x000000000d2a6000 	/System/Library/Frameworks/Accelerate.framework/Versions/A/Frameworks/vecLib.framework/Versions/A/vecLib
0x000000000d2a6000 	/System/Library/Frameworks/Accelerate.framework/Versions/A/Frameworks/vecLib.framework/Versions/A/libvDSP.dylib
0x000000000d2a6000 	/System/Library/Frameworks/Accelerate.framework/Versions/A/Frameworks/vecLib.framework/Versions/A/libvMisc.dylib
0x000000000d2a6000 	/System/Library/Frameworks/Accelerate.framework/Versions/A/Frameworks/vecLib.framework/Versions/A/libLAPACK.dylib
0x000000000d2a6000 	/System/Library/Frameworks/Accelerate.framework/Versions/A/Frameworks/vecLib.framework/Versions/A/libBLAS.dylib
0x000000000d2a6000 	/System/Library/Frameworks/Accelerate.framework/Versions/A/Frameworks/vecLib.framework/Versions/A/libLinearAlgebra.dylib
0x000000000d2a6000 	/System/Library/Frameworks/ApplicationServices.framework/Versions/A/Frameworks/ATS.framework/Versions/A/Resources/libFontParser.dylib
0x000000000d2a6000 	/System/Library/Frameworks/ApplicationServices.framework/Versions/A/Frameworks/ATS.framework/Versions/A/Resources/libFontRegistry.dylib
0x000000000d2a6000 	/System/Library/PrivateFrameworks/AppleVPA.framework/Versions/A/AppleVPA
0x000000000d2a6000 	/System/Library/PrivateFrameworks/AppleJPEG.framework/Versions/A/AppleJPEG
0x000000000d2a6000 	/System/Library/Frameworks/ImageIO.framework/Versions/A/Resources/libJPEG.dylib
0x000000000d2a6000 	/System/Library/Frameworks/ImageIO.framework/Versions/A/Resources/libTIFF.dylib
0x000000000d2a6000 	/System/Library/Frameworks/ImageIO.framework/Versions/A/Resources/libPng.dylib
0x000000000d2a6000 	/System/Library/Frameworks/ImageIO.framework/Versions/A/Resources/libGIF.dylib
0x000000000d2a6000 	/System/Library/Frameworks/ImageIO.framework/Versions/A/Resources/libJP2.dylib
0x000000000d2a6000 	/System/Library/Frameworks/ImageIO.framework/Versions/A/Resources/libRadiance.dylib
0x000000000d2a6000 	/System/Library/Frameworks/CoreVideo.framework/Versions/A/CoreVideo
0x000000000d2a6000 	/System/Library/Frameworks/OpenGL.framework/Versions/A/Libraries/libGLU.dylib
0x000000000d2a6000 	/System/Library/Frameworks/OpenGL.framework/Versions/A/Libraries/libGFXShared.dylib
0x000000000d2a6000 	/System/Library/Frameworks/OpenGL.framework/Versions/A/Libraries/libGL.dylib
0x000000000d2a6000 	/System/Library/Frameworks/OpenGL.framework/Versions/A/Libraries/libGLImage.dylib
0x000000000d2a6000 	/System/Library/Frameworks/OpenGL.framework/Versions/A/Libraries/libCVMSPluginSupport.dylib
0x000000000d2a6000 	/System/Library/Frameworks/OpenGL.framework/Versions/A/Libraries/libCoreVMClient.dylib
0x000000000d2a6000 	/usr/lib/libcups.2.dylib
0x000000000d2a6000 	/System/Library/Frameworks/Kerberos.framework/Versions/A/Kerberos
0x000000000d2a6000 	/System/Library/Frameworks/GSS.framework/Versions/A/GSS
0x000000000d2a6000 	/usr/lib/libresolv.9.dylib
0x000000000d2a6000 	/usr/lib/libiconv.2.dylib
0x000000000d2a6000 	/System/Library/PrivateFrameworks/Heimdal.framework/Versions/A/Heimdal
0x000000000d2a6000 	/usr/lib/libheimdal-asn1.dylib
0x000000000d2a6000 	/System/Library/Frameworks/OpenDirectory.framework/Versions/A/OpenDirectory
0x000000000d2a6000 	/System/Library/PrivateFrameworks/CommonAuth.framework/Versions/A/CommonAuth
0x000000000d2a6000 	/System/Library/Frameworks/OpenDirectory.framework/Versions/A/Frameworks/CFOpenDirectory.framework/Versions/A/CFOpenDirectory
0x000000000d2a6000 	/System/Library/Frameworks/SecurityFoundation.framework/Versions/A/SecurityFoundation
0x000000000d2a6000 	/System/Library/PrivateFrameworks/LanguageModeling.framework/Versions/A/LanguageModeling
0x000000000d2a6000 	/usr/lib/libcmph.dylib
0x000000000d2a6000 	/System/Library/Frameworks/ServiceManagement.framework/Versions/A/ServiceManagement
0x000000000d2a6000 	/usr/lib/libxslt.1.dylib
0x000000000d2a6000 	/System/Library/Frameworks/Carbon.framework/Versions/A/Frameworks/Ink.framework/Versions/A/Ink
0x000000000d2a6000 	/System/Library/Frameworks/QuartzCore.framework/Versions/A/Frameworks/CoreImage.framework/Versions/A/CoreImage
0x000000000d2a6000 	/System/Library/PrivateFrameworks/CrashReporterSupport.framework/Versions/A/CrashReporterSupport
0x000000000d2a6000 	/System/Library/Frameworks/OpenCL.framework/Versions/A/OpenCL
0x000000000d2a6000 	/System/Library/PrivateFrameworks/FaceCore.framework/Versions/A/FaceCore
0x000000000d2a6000 	/System/Library/PrivateFrameworks/Ubiquity.framework/Versions/A/Ubiquity
0x000000000d2a6000 	/System/Library/PrivateFrameworks/IconServices.framework/Versions/A/IconServices
0x000000000d2a6000 	/System/Library/PrivateFrameworks/ChunkingLibrary.framework/Versions/A/ChunkingLibrary
0x000000000d2a6000 	/System/Library/PrivateFrameworks/Apple80211.framework/Versions/A/Apple80211
0x000000000d2a6000 	/System/Library/Frameworks/CoreWLAN.framework/Versions/A/CoreWLAN
0x000000000d2a6000 	/System/Library/Frameworks/IOBluetooth.framework/Versions/A/IOBluetooth
0x000000000d2a6000 	/System/Library/PrivateFrameworks/CoreWiFi.framework/Versions/A/CoreWiFi
0x000000000d2a6000 	/System/Library/Frameworks/CoreBluetooth.framework/Versions/A/CoreBluetooth
0x000000000d2a6000 	/System/Library/PrivateFrameworks/DebugSymbols.framework/Versions/A/DebugSymbols
0x000000000d2a6000 	/System/Library/PrivateFrameworks/CoreSymbolication.framework/Versions/A/CoreSymbolication
0x000000000d2a6000 	/System/Library/PrivateFrameworks/Symbolication.framework/Versions/A/Symbolication
0x000000000d2a6000 	/System/Library/PrivateFrameworks/SpeechRecognitionCore.framework/Versions/A/SpeechRecognitionCore
0x0000000110000000 	/Library/Java/JavaVirtualMachines/jdk1.7.0_67.jdk/Contents/Home/jre/lib/server/libjvm.dylib
0x000000000d2a6000 	/usr/lib/libstdc++.6.dylib
0x000000010f7ac000 	/Library/Java/JavaVirtualMachines/jdk1.7.0_67.jdk/Contents/Home/jre/lib/libverify.dylib
0x000000010f7b9000 	/Library/Java/JavaVirtualMachines/jdk1.7.0_67.jdk/Contents/Home/jre/lib/libjava.dylib
0x0000000110b62000 	/Library/Java/JavaVirtualMachines/jdk1.7.0_67.jdk/Contents/Home/jre/lib/libjdwp.dylib
0x000000010f7ea000 	/Library/Java/JavaVirtualMachines/jdk1.7.0_67.jdk/Contents/Home/jre/lib/libnpt.dylib
0x000000010f7f7000 	/Library/Java/JavaVirtualMachines/jdk1.7.0_67.jdk/Contents/Home/jre/lib/libzip.dylib
0x000000019f68d000 	/System/Library/Frameworks/JavaVM.framework/Frameworks/JavaRuntimeSupport.framework/JavaRuntimeSupport
0x000000019f6a5000 	/System/Library/Frameworks/JavaVM.framework/Versions/A/Frameworks/JavaNativeFoundation.framework/Versions/A/JavaNativeFoundation
0x000000019f6ba000 	/System/Library/Frameworks/JavaVM.framework/Versions/A/JavaVM
0x000000000d2a6000 	/System/Library/Frameworks/Carbon.framework/Versions/A/Carbon
0x000000019f6c7000 	/System/Library/PrivateFrameworks/JavaLaunching.framework/Versions/A/JavaLaunching
0x000000000d2a6000 	/System/Library/Frameworks/Carbon.framework/Versions/A/Frameworks/CommonPanels.framework/Versions/A/CommonPanels
0x000000000d2a6000 	/System/Library/Frameworks/Carbon.framework/Versions/A/Frameworks/Help.framework/Versions/A/Help
0x000000000d2a6000 	/System/Library/Frameworks/Carbon.framework/Versions/A/Frameworks/ImageCapture.framework/Versions/A/ImageCapture
0x000000000d2a6000 	/System/Library/Frameworks/Carbon.framework/Versions/A/Frameworks/OpenScripting.framework/Versions/A/OpenScripting
0x000000000d2a6000 	/System/Library/Frameworks/Carbon.framework/Versions/A/Frameworks/Print.framework/Versions/A/Print
0x000000000d2a6000 	/System/Library/Frameworks/Carbon.framework/Versions/A/Frameworks/SecurityHI.framework/Versions/A/SecurityHI
0x000000019f7d9000 	/Library/Java/JavaVirtualMachines/jdk1.7.0_67.jdk/Contents/Home/jre/lib/libdt_socket.dylib
0x00000001a1731000 	/Library/Java/JavaVirtualMachines/jdk1.7.0_67.jdk/Contents/Home/jre/lib/libnio.dylib
0x00000001a1740000 	/Library/Java/JavaVirtualMachines/jdk1.7.0_67.jdk/Contents/Home/jre/lib/./libnet.dylib

VM Arguments:
jvm_args: -agentlib:jdwp=transport=dt_socket,suspend=y,address=localhost:49746 -Dfile.encoding=UTF-8 
java_command: app.Assignment09Server
Launcher Type: SUN_STANDARD

Environment Variables:
PATH=/usr/bin:/bin:/usr/sbin:/sbin
SHELL=/bin/bash
DISPLAY=/private/tmp/com.apple.launchd.4H2v891pS0/org.macosforge.xquartz:0

Signal Handlers:
SIGSEGV: [libjvm.dylib+0x52b6c9], sa_mask[0]=0xfffefeff, sa_flags=0x00000043
SIGBUS: [libjvm.dylib+0x52b6c9], sa_mask[0]=0xfffefeff, sa_flags=0x00000042
SIGFPE: [libjvm.dylib+0x41deaa], sa_mask[0]=0xfffefeff, sa_flags=0x00000042
SIGPIPE: [libjvm.dylib+0x41deaa], sa_mask[0]=0xfffefeff, sa_flags=0x00000042
SIGXFSZ: [libjvm.dylib+0x41deaa], sa_mask[0]=0xfffefeff, sa_flags=0x00000042
SIGILL: [libjvm.dylib+0x41deaa], sa_mask[0]=0xfffefeff, sa_flags=0x00000042
SIGUSR1: SIG_DFL, sa_mask[0]=0x00000000, sa_flags=0x00000000
SIGUSR2: [libjvm.dylib+0x41d99c], sa_mask[0]=0x00000004, sa_flags=0x00000042
SIGHUP: [libjvm.dylib+0x41bc2d], sa_mask[0]=0xfffefeff, sa_flags=0x00000042
SIGINT: [libjvm.dylib+0x41bc2d], sa_mask[0]=0xfffefeff, sa_flags=0x00000042
SIGTERM: [libjvm.dylib+0x41bc2d], sa_mask[0]=0xfffefeff, sa_flags=0x00000042
SIGQUIT: [libjvm.dylib+0x41bc2d], sa_mask[0]=0xfffefeff, sa_flags=0x00000042


---------------  S Y S T E M  ---------------

OS:Bsduname:Darwin 14.1.0 Darwin Kernel Version 14.1.0: Mon Dec 22 23:10:38 PST 2014; root:xnu-2782.10.72~2/RELEASE_X86_64 x86_64
rlimit: STACK 8192k, CORE 0k, NPROC 709, NOFILE 10240, AS infinity
load average:2.42 2.26 2.29

CPU:total 4 (2 cores per cpu, 2 threads per core) family 6 model 69 stepping 1, cmov, cx8, fxsr, mmx, sse, sse2, sse3, ssse3, sse4.1, sse4.2, popcnt, avx, avx2, aes, erms, ht, tsc, tscinvbit

Memory: 4k page, physical 8388608k(2097152k free)

/proc/meminfo:


vm_info: Java HotSpot(TM) 64-Bit Server VM (24.65-b04) for bsd-amd64 JRE (1.7.0_67-b01), built on Jul 25 2014 08:51:51 by "java_re" with gcc 4.2.1 (Based on Apple Inc. build 5658) (LLVM build 2336.11.00)

time: Tue Mar 24 22:03:16 2015
elapsed time: 220 seconds

